<?xml version="1.0" encoding="UTF-8"?>
<!-- Generated by org.testng.reporters.JUnitReportReporter -->
<testsuite hostname="DESKTOP-1C1CICJ" failures="0" tests="1" name="com.bestbuy.test.LaunchBrowserTest" time="71.766" errors="0" timestamp="2023-09-08T13:04:25 IST" skipped="0">
  <testcase classname="com.bestbuy.test.LaunchBrowserTest" name="launchBrowser" time="71.766"/>
  <system-out/>
</testsuite> <!-- com.bestbuy.test.LaunchBrowserTest -->
