<?xml version="1.0" encoding="UTF-8"?>
<!-- Generated by org.testng.reporters.JUnitReportReporter -->
<testsuite hostname="DESKTOP-1C1CICJ" failures="0" tests="2" name="com.bestbuy.test.AddToCartTest" time="551.624" errors="0" timestamp="2023-09-08T13:04:25 IST" skipped="0">
  <testcase classname="com.bestbuy.test.AddToCartTest" name="Addtocartbymenu" time="408.616"/>
  <system-out/>
  <testcase classname="com.bestbuy.test.AddToCartTest" name="CartCheckout" time="143.008"/>
  <system-out/>
</testsuite> <!-- com.bestbuy.test.AddToCartTest -->
