<?xml version="1.0" encoding="UTF-8"?>
<!-- Generated by org.testng.reporters.JUnitReportReporter -->
<testsuite hostname="DESKTOP-1C1CICJ" failures="0" tests="1" name="com.bestbuy.test.SearchTest" time="20.130" errors="0" timestamp="2023-09-08T13:04:25 IST" skipped="0">
  <testcase classname="com.bestbuy.test.SearchTest" name="Search" time="20.130"/>
  <system-out/>
</testsuite> <!-- com.bestbuy.test.SearchTest -->
